Flow report for single_port_ram
Sun Aug 26 19:46:35 2018
Quartus Prime Version 16.1.0 Build 196 10/24/2016 SJ Lite Edition


---------------------
; Table of Contents ;
---------------------
  1. Legal Notice
  2. Flow Summary
  3. Flow Settings
  4. Flow Non-Default Global Settings
  5. Flow Elapsed Time
  6. Flow OS Summary
  7. Flow Log
  8. Flow Messages
  9. Flow Suppressed Messages



----------------
; Legal Notice ;
----------------
Copyright (C) 2016  Intel Corporation. All rights reserved.
Your use of Intel Corporation's design tools, logic functions 
and other software and tools, and its AMPP partner logic 
functions, and any output files from any of the foregoing 
(including device programming or simulation files), and any 
associated documentation or information are expressly subject 
to the terms and conditions of the Intel Program License 
Subscription Agreement, the Intel Quartus Prime License Agreement,
the Intel MegaCore Function License Agreement, or other 
applicable license agreement, including, without limitation, 
that your use is for the sole purpose of programming logic 
devices manufactured by Intel and sold by Intel or its 
authorized distributors.  Please refer to the applicable 
agreement for further details.



+----------------------------------------------------------------------------------+
; Flow Summary                                                                     ;
+------------------------------------+---------------------------------------------+
; Flow Status                        ; Successful - Sun Aug 26 19:46:35 2018       ;
; Quartus Prime Version              ; 16.1.0 Build 196 10/24/2016 SJ Lite Edition ;
; Revision Name                      ; single_port_ram                             ;
; Top-level Entity Name              ; noise_box                                   ;
; Family                             ; MAX 10                                      ;
; Device                             ; 10M08DAF484C8GES                            ;
; Timing Models                      ; Preliminary                                 ;
; Total logic elements               ; 570 / 8,064 ( 7 % )                         ;
;     Total combinational functions  ; 570 / 8,064 ( 7 % )                         ;
;     Dedicated logic registers      ; 34 / 8,064 ( < 1 % )                        ;
; Total registers                    ; 34                                          ;
; Total pins                         ; 56 / 250 ( 22 % )                           ;
; Total virtual pins                 ; 0                                           ;
; Total memory bits                  ; 40,960 / 387,072 ( 11 % )                   ;
; Embedded Multiplier 9-bit elements ; 0 / 48 ( 0 % )                              ;
; Total PLLs                         ; 0 / 2 ( 0 % )                               ;
; UFM blocks                         ; 0 / 1 ( 0 % )                               ;
; ADC blocks                         ; 0 / 1 ( 0 % )                               ;
+------------------------------------+---------------------------------------------+


+-----------------------------------------+
; Flow Settings                           ;
+-------------------+---------------------+
; Option            ; Setting             ;
+-------------------+---------------------+
; Start date & time ; 08/26/2018 19:45:54 ;
; Main task         ; Compilation         ;
; Revision Name     ; single_port_ram     ;
+-------------------+---------------------+


+-------------------------------------------------------------------------------------------------------------------------------+
; Flow Non-Default Global Settings                                                                                              ;
+-------------------------------------+----------------------------------------+-----------------+-------------+----------------+
; Assignment Name                     ; Value                                  ; Default Value   ; Entity Name ; Section Id     ;
+-------------------------------------+----------------------------------------+-----------------+-------------+----------------+
; COMPILER_SIGNATURE_ID               ; 10995770589191.153532715405792         ; --              ; --          ; --             ;
; EDA_OUTPUT_DATA_FORMAT              ; Vhdl                                   ; --              ; --          ; eda_simulation ;
; EDA_SIMULATION_TOOL                 ; ModelSim-Altera (VHDL)                 ; <None>          ; --          ; --             ;
; EDA_TIME_SCALE                      ; 1 ps                                   ; --              ; --          ; eda_simulation ;
; MAX_CORE_JUNCTION_TEMP              ; 85                                     ; --              ; --          ; --             ;
; MIN_CORE_JUNCTION_TEMP              ; 0                                      ; --              ; --          ; --             ;
; PARTITION_COLOR                     ; -- (Not supported for targeted family) ; --              ; noise_box   ; Top            ;
; PARTITION_FITTER_PRESERVATION_LEVEL ; -- (Not supported for targeted family) ; --              ; noise_box   ; Top            ;
; PARTITION_NETLIST_TYPE              ; -- (Not supported for targeted family) ; --              ; noise_box   ; Top            ;
; PROJECT_OUTPUT_DIRECTORY            ; output_files                           ; --              ; --          ; --             ;
; TOP_LEVEL_ENTITY                    ; noise_box                              ; single_port_ram ; --          ; --             ;
+-------------------------------------+----------------------------------------+-----------------+-------------+----------------+


+-------------------------------------------------------------------------------------------------------------------------------+
; Flow Elapsed Time                                                                                                             ;
+---------------------------+--------------+-------------------------+---------------------+------------------------------------+
; Module Name               ; Elapsed Time ; Average Processors Used ; Peak Virtual Memory ; Total CPU Time (on all processors) ;
+---------------------------+--------------+-------------------------+---------------------+------------------------------------+
; Analysis & Synthesis      ; 00:00:15     ; 1.0                     ; 4838 MB             ; 00:00:32                           ;
; Fitter                    ; 00:00:15     ; 1.1                     ; 5342 MB             ; 00:00:18                           ;
; Assembler                 ; 00:00:01     ; 1.0                     ; 4694 MB             ; 00:00:01                           ;
; TimeQuest Timing Analyzer ; 00:00:04     ; 1.2                     ; 4782 MB             ; 00:00:04                           ;
; EDA Netlist Writer        ; 00:00:01     ; 1.0                     ; 4682 MB             ; 00:00:01                           ;
; Total                     ; 00:00:36     ; --                      ; --                  ; 00:00:56                           ;
+---------------------------+--------------+-------------------------+---------------------+------------------------------------+


+-----------------------------------------------------------------------------------------+
; Flow OS Summary                                                                         ;
+---------------------------+------------------+------------+------------+----------------+
; Module Name               ; Machine Hostname ; OS Name    ; OS Version ; Processor type ;
+---------------------------+------------------+------------+------------+----------------+
; Analysis & Synthesis      ; DESKTOP-6750I8F  ; Windows 10 ; 10.0       ; x86_64         ;
; Fitter                    ; DESKTOP-6750I8F  ; Windows 10 ; 10.0       ; x86_64         ;
; Assembler                 ; DESKTOP-6750I8F  ; Windows 10 ; 10.0       ; x86_64         ;
; TimeQuest Timing Analyzer ; DESKTOP-6750I8F  ; Windows 10 ; 10.0       ; x86_64         ;
; EDA Netlist Writer        ; DESKTOP-6750I8F  ; Windows 10 ; 10.0       ; x86_64         ;
+---------------------------+------------------+------------+------------+----------------+


------------
; Flow Log ;
------------
quartus_map --read_settings_files=on --write_settings_files=off single_port_ram -c single_port_ram
quartus_fit --read_settings_files=off --write_settings_files=off single_port_ram -c single_port_ram
quartus_asm --read_settings_files=off --write_settings_files=off single_port_ram -c single_port_ram
quartus_sta single_port_ram -c single_port_ram
quartus_eda --read_settings_files=off --write_settings_files=off single_port_ram -c single_port_ram



