Assembler report for single_port_ram
Sun Aug 26 19:46:28 2018
Quartus Prime Version 16.1.0 Build 196 10/24/2016 SJ Lite Edition


---------------------
; Table of Contents ;
---------------------
  1. Legal Notice
  2. Assembler Summary
  3. Assembler Settings
  4. Assembler Generated Files
  5. Assembler Device Options: C:/Users/fadia/OneDrive/Documents/Study/MIT/Sophomore Summer/UROP Prof. Marin/FPGA/Intel_Single_Port_Ram/output_files/single_port_ram.sof
  6. Assembler Messages



----------------
; Legal Notice ;
----------------
Copyright (C) 2016  Intel Corporation. All rights reserved.
Your use of Intel Corporation's design tools, logic functions 
and other software and tools, and its AMPP partner logic 
functions, and any output files from any of the foregoing 
(including device programming or simulation files), and any 
associated documentation or information are expressly subject 
to the terms and conditions of the Intel Program License 
Subscription Agreement, the Intel Quartus Prime License Agreement,
the Intel MegaCore Function License Agreement, or other 
applicable license agreement, including, without limitation, 
that your use is for the sole purpose of programming logic 
devices manufactured by Intel and sold by Intel or its 
authorized distributors.  Please refer to the applicable 
agreement for further details.



+---------------------------------------------------------------+
; Assembler Summary                                             ;
+-----------------------+---------------------------------------+
; Assembler Status      ; Successful - Sun Aug 26 19:46:28 2018 ;
; Revision Name         ; single_port_ram                       ;
; Top-level Entity Name ; noise_box                             ;
; Family                ; MAX 10                                ;
; Device                ; 10M08DAF484C8GES                      ;
+-----------------------+---------------------------------------+


+----------------------------------+
; Assembler Settings               ;
+--------+---------+---------------+
; Option ; Setting ; Default Value ;
+--------+---------+---------------+


+-------------------------------------------------------------------------------------------------------------------------------------------+
; Assembler Generated Files                                                                                                                 ;
+-------------------------------------------------------------------------------------------------------------------------------------------+
; File Name                                                                                                                                 ;
+-------------------------------------------------------------------------------------------------------------------------------------------+
; C:/Users/fadia/OneDrive/Documents/Study/MIT/Sophomore Summer/UROP Prof. Marin/FPGA/Intel_Single_Port_Ram/output_files/single_port_ram.sof ;
+-------------------------------------------------------------------------------------------------------------------------------------------+


+---------------------------------------------------------------------------------------------------------------------------------------------------------------------+
; Assembler Device Options: C:/Users/fadia/OneDrive/Documents/Study/MIT/Sophomore Summer/UROP Prof. Marin/FPGA/Intel_Single_Port_Ram/output_files/single_port_ram.sof ;
+----------------+----------------------------------------------------------------------------------------------------------------------------------------------------+
; Option         ; Setting                                                                                                                                            ;
+----------------+----------------------------------------------------------------------------------------------------------------------------------------------------+
; Device         ; 10M08DAF484C8GES                                                                                                                                   ;
; JTAG usercode  ; 0x000C1DF9                                                                                                                                         ;
; Checksum       ; 0x000C1DF9                                                                                                                                         ;
+----------------+----------------------------------------------------------------------------------------------------------------------------------------------------+


+--------------------+
; Assembler Messages ;
+--------------------+
Info: *******************************************************************
Info: Running Quartus Prime Assembler
    Info: Version 16.1.0 Build 196 10/24/2016 SJ Lite Edition
    Info: Processing started: Sun Aug 26 19:46:27 2018
Info: Command: quartus_asm --read_settings_files=off --write_settings_files=off single_port_ram -c single_port_ram
Warning (18236): Number of processors has not been specified which may cause overloading on shared machines.  Set the global assignment NUM_PARALLEL_PROCESSORS in your QSF to an appropriate value for best performance.
Info (115031): Writing out detailed assembly data for power analysis
Info (115030): Assembler is generating device programming files
Info: Quartus Prime Assembler was successful. 0 errors, 1 warning
    Info: Peak virtual memory: 4695 megabytes
    Info: Processing ended: Sun Aug 26 19:46:28 2018
    Info: Elapsed time: 00:00:01
    Info: Total CPU time (on all processors): 00:00:01


